2018-11-21 10:39:12,116 [main] INFO  [o.s.c.a.AnnotationConfigApplicationContext] AbstractApplicationContext.java:583 - Refreshing org.springframework.context.annotation.AnnotationConfigApplicationContext@2bfc268b: startup date [Wed Nov 21 10:39:12 GMT+08:00 2018]; root of context hierarchy
2018-11-21 10:39:12,505 [main] INFO  [o.s.b.f.a.AutowiredAnnotationBeanPostProcessor] AutowiredAnnotationBeanPostProcessor.java:155 - JSR-330 'javax.inject.Inject' annotation found and supported for autowiring
2018-11-21 10:39:12,572 [main] INFO  [o.s.c.s.PostProcessorRegistrationDelegate$BeanPostProcessorChecker] PostProcessorRegistrationDelegate.java:327 - Bean 'configurationPropertiesRebinderAutoConfiguration' of type [org.springframework.cloud.autoconfigure.ConfigurationPropertiesRebinderAutoConfiguration$$EnhancerBySpringCGLIB$$9657ebad] is not eligible for getting processed by all BeanPostProcessors (for example: not eligible for auto-proxying)
2018-11-21 10:39:12,673 [background-preinit] INFO  [org.hibernate.validator.internal.util.Version] Version.java:30 - HV000001: Hibernate Validator 5.3.6.Final
2018-11-21 10:39:14,033 [main] INFO  [com.lion.eureka.EurekaApplication] SpringApplication.java:593 - No active profile set, falling back to default profiles: default
2018-11-21 10:39:14,055 [main] INFO  [o.s.b.c.e.AnnotationConfigEmbeddedWebApplicationContext] AbstractApplicationContext.java:583 - Refreshing org.springframework.boot.context.embedded.AnnotationConfigEmbeddedWebApplicationContext@774698ab: startup date [Wed Nov 21 10:39:14 GMT+08:00 2018]; parent: org.springframework.context.annotation.AnnotationConfigApplicationContext@2bfc268b
2018-11-21 10:39:15,546 [main] INFO  [o.springframework.cloud.context.scope.GenericScope] GenericScope.java:289 - BeanFactory id=c0d2a7b4-526b-3aab-a719-d5861a951e26
2018-11-21 10:39:15,579 [main] INFO  [o.s.b.f.a.AutowiredAnnotationBeanPostProcessor] AutowiredAnnotationBeanPostProcessor.java:155 - JSR-330 'javax.inject.Inject' annotation found and supported for autowiring
2018-11-21 10:39:15,653 [main] INFO  [o.s.c.s.PostProcessorRegistrationDelegate$BeanPostProcessorChecker] PostProcessorRegistrationDelegate.java:327 - Bean 'org.springframework.cloud.autoconfigure.ConfigurationPropertiesRebinderAutoConfiguration' of type [org.springframework.cloud.autoconfigure.ConfigurationPropertiesRebinderAutoConfiguration$$EnhancerBySpringCGLIB$$9657ebad] is not eligible for getting processed by all BeanPostProcessors (for example: not eligible for auto-proxying)
2018-11-21 10:39:16,683 [main] INFO  [o.s.b.c.e.tomcat.TomcatEmbeddedServletContainer] TomcatEmbeddedServletContainer.java:92 - Tomcat initialized with port(s): 2001 (http)
2018-11-21 10:39:16,703 [main] INFO  [org.apache.coyote.http11.Http11NioProtocol] DirectJDKLog.java:180 - Initializing ProtocolHandler ["http-nio-2001"]
2018-11-21 10:39:16,723 [main] INFO  [org.apache.catalina.core.StandardService] DirectJDKLog.java:180 - Starting service [Tomcat]
2018-11-21 10:39:16,723 [main] INFO  [org.apache.catalina.core.StandardEngine] DirectJDKLog.java:180 - Starting Servlet Engine: Apache Tomcat/8.5.32
2018-11-21 10:39:17,044 [localhost-startStop-1] INFO  [o.a.c.core.ContainerBase.[Tomcat].[localhost].[/]] DirectJDKLog.java:180 - Initializing Spring embedded WebApplicationContext
2018-11-21 10:39:17,044 [localhost-startStop-1] INFO  [org.springframework.web.context.ContextLoader] EmbeddedWebApplicationContext.java:276 - Root WebApplicationContext: initialization completed in 2989 ms
2018-11-21 10:39:18,134 [localhost-startStop-1] INFO  [o.s.boot.web.servlet.FilterRegistrationBean] AbstractFilterRegistrationBean.java:259 - Mapping filter: 'metricsFilter' to: [/*]
2018-11-21 10:39:18,135 [localhost-startStop-1] INFO  [o.s.boot.web.servlet.FilterRegistrationBean] AbstractFilterRegistrationBean.java:259 - Mapping filter: 'characterEncodingFilter' to: [/*]
2018-11-21 10:39:18,136 [localhost-startStop-1] INFO  [o.s.boot.web.servlet.FilterRegistrationBean] AbstractFilterRegistrationBean.java:259 - Mapping filter: 'hiddenHttpMethodFilter' to: [/*]
2018-11-21 10:39:18,136 [localhost-startStop-1] INFO  [o.s.boot.web.servlet.FilterRegistrationBean] AbstractFilterRegistrationBean.java:259 - Mapping filter: 'httpPutFormContentFilter' to: [/*]
2018-11-21 10:39:18,137 [localhost-startStop-1] INFO  [o.s.boot.web.servlet.FilterRegistrationBean] AbstractFilterRegistrationBean.java:259 - Mapping filter: 'requestContextFilter' to: [/*]
2018-11-21 10:39:18,139 [localhost-startStop-1] INFO  [o.s.b.w.s.DelegatingFilterProxyRegistrationBean] AbstractFilterRegistrationBean.java:259 - Mapping filter: 'springSecurityFilterChain' to: [/*]
2018-11-21 10:39:18,140 [localhost-startStop-1] INFO  [o.s.boot.web.servlet.FilterRegistrationBean] AbstractFilterRegistrationBean.java:259 - Mapping filter: 'webRequestTraceFilter' to: [/*]
2018-11-21 10:39:18,140 [localhost-startStop-1] INFO  [o.s.boot.web.servlet.FilterRegistrationBean] AbstractFilterRegistrationBean.java:272 - Mapping filter: 'servletContainer' to urls: [/eureka/*]
2018-11-21 10:39:18,141 [localhost-startStop-1] INFO  [o.s.boot.web.servlet.FilterRegistrationBean] AbstractFilterRegistrationBean.java:259 - Mapping filter: 'applicationContextIdFilter' to: [/*]
2018-11-21 10:39:18,141 [localhost-startStop-1] INFO  [o.s.boot.web.servlet.ServletRegistrationBean] ServletRegistrationBean.java:191 - Mapping servlet: 'dispatcherServlet' to [/]
2018-11-21 10:39:18,279 [localhost-startStop-1] INFO  [c.s.j.server.impl.application.WebApplicationImpl] WebApplicationImpl.java:815 - Initiating Jersey application, version 'Jersey: 1.19.1 03/11/2016 02:08 PM'
2018-11-21 10:39:18,429 [localhost-startStop-1] INFO  [c.n.discovery.provider.DiscoveryJerseyProvider] DiscoveryJerseyProvider.java:70 - Using JSON encoding codec LegacyJacksonJson
2018-11-21 10:39:18,430 [localhost-startStop-1] INFO  [c.n.discovery.provider.DiscoveryJerseyProvider] DiscoveryJerseyProvider.java:71 - Using JSON decoding codec LegacyJacksonJson
2018-11-21 10:39:18,751 [localhost-startStop-1] INFO  [c.n.discovery.provider.DiscoveryJerseyProvider] DiscoveryJerseyProvider.java:80 - Using XML encoding codec XStreamXml
2018-11-21 10:39:18,752 [localhost-startStop-1] INFO  [c.n.discovery.provider.DiscoveryJerseyProvider] DiscoveryJerseyProvider.java:81 - Using XML decoding codec XStreamXml
2018-11-21 10:39:19,420 [main] WARN  [com.netflix.config.sources.URLConfigurationSource] URLConfigurationSource.java:121 - No URLs will be polled as dynamic configuration sources.
2018-11-21 10:39:19,421 [main] INFO  [com.netflix.config.sources.URLConfigurationSource] URLConfigurationSource.java:122 - To enable URLs as dynamic configuration sources, define System property archaius.configurationSource.additionalUrls or make config.properties available on classpath.
2018-11-21 10:39:19,432 [main] WARN  [com.netflix.config.sources.URLConfigurationSource] URLConfigurationSource.java:121 - No URLs will be polled as dynamic configuration sources.
2018-11-21 10:39:19,433 [main] INFO  [com.netflix.config.sources.URLConfigurationSource] URLConfigurationSource.java:122 - To enable URLs as dynamic configuration sources, define System property archaius.configurationSource.additionalUrls or make config.properties available on classpath.
2018-11-21 10:39:19,887 [main] INFO  [o.s.w.s.m.m.a.RequestMappingHandlerAdapter] RequestMappingHandlerAdapter.java:534 - Looking for @ControllerAdvice: org.springframework.boot.context.embedded.AnnotationConfigEmbeddedWebApplicationContext@774698ab: startup date [Wed Nov 21 10:39:14 GMT+08:00 2018]; parent: org.springframework.context.annotation.AnnotationConfigApplicationContext@2bfc268b
2018-11-21 10:39:20,009 [main] INFO  [o.s.w.s.m.m.a.RequestMappingHandlerMapping] AbstractHandlerMethodMapping.java:543 - Mapped "{[/error]}" onto public org.springframework.http.ResponseEntity<java.util.Map<java.lang.String, java.lang.Object>> org.springframework.boot.autoconfigure.web.BasicErrorController.error(javax.servlet.http.HttpServletRequest)
2018-11-21 10:39:20,011 [main] INFO  [o.s.w.s.m.m.a.RequestMappingHandlerMapping] AbstractHandlerMethodMapping.java:543 - Mapped "{[/error],produces=[text/html]}" onto public org.springframework.web.servlet.ModelAndView org.springframework.boot.autoconfigure.web.BasicErrorController.errorHtml(javax.servlet.http.HttpServletRequest,javax.servlet.http.HttpServletResponse)
2018-11-21 10:39:20,017 [main] INFO  [o.s.w.s.m.m.a.RequestMappingHandlerMapping] AbstractHandlerMethodMapping.java:543 - Mapped "{[/],methods=[GET]}" onto public java.lang.String org.springframework.cloud.netflix.eureka.server.EurekaController.status(javax.servlet.http.HttpServletRequest,java.util.Map<java.lang.String, java.lang.Object>)
2018-11-21 10:39:20,018 [main] INFO  [o.s.w.s.m.m.a.RequestMappingHandlerMapping] AbstractHandlerMethodMapping.java:543 - Mapped "{[/lastn],methods=[GET]}" onto public java.lang.String org.springframework.cloud.netflix.eureka.server.EurekaController.lastn(javax.servlet.http.HttpServletRequest,java.util.Map<java.lang.String, java.lang.Object>)
2018-11-21 10:39:20,079 [main] INFO  [o.s.web.servlet.handler.SimpleUrlHandlerMapping] AbstractUrlHandlerMapping.java:362 - Mapped URL path [/webjars/**] onto handler of type [class org.springframework.web.servlet.resource.ResourceHttpRequestHandler]
2018-11-21 10:39:20,080 [main] INFO  [o.s.web.servlet.handler.SimpleUrlHandlerMapping] AbstractUrlHandlerMapping.java:362 - Mapped URL path [/**] onto handler of type [class org.springframework.web.servlet.resource.ResourceHttpRequestHandler]
2018-11-21 10:39:20,427 [main] INFO  [o.s.web.servlet.handler.SimpleUrlHandlerMapping] AbstractUrlHandlerMapping.java:362 - Mapped URL path [/**/favicon.ico] onto handler of type [class org.springframework.web.servlet.resource.ResourceHttpRequestHandler]
2018-11-21 10:39:23,430 [main] INFO  [o.s.security.web.DefaultSecurityFilterChain] DefaultSecurityFilterChain.java:43 - Creating filter chain: OrRequestMatcher [requestMatchers=[Ant [pattern='/css/**'], Ant [pattern='/js/**'], Ant [pattern='/images/**'], Ant [pattern='/webjars/**'], Ant [pattern='/**/favicon.ico'], Ant [pattern='/error']]], []
2018-11-21 10:39:23,889 [main] INFO  [o.s.b.actuate.endpoint.mvc.EndpointHandlerMapping] AbstractHandlerMethodMapping.java:543 - Mapped "{[/archaius || /archaius.json],methods=[GET],produces=[application/vnd.spring-boot.actuator.v1+json || application/json]}" onto public java.lang.Object org.springframework.boot.actuate.endpoint.mvc.EndpointMvcAdapter.invoke()
2018-11-21 10:39:23,890 [main] INFO  [o.s.b.actuate.endpoint.mvc.EndpointHandlerMapping] AbstractHandlerMethodMapping.java:543 - Mapped "{[/autoconfig || /autoconfig.json],methods=[GET],produces=[application/vnd.spring-boot.actuator.v1+json || application/json]}" onto public java.lang.Object org.springframework.boot.actuate.endpoint.mvc.EndpointMvcAdapter.invoke()
2018-11-21 10:39:23,891 [main] INFO  [o.s.b.actuate.endpoint.mvc.EndpointHandlerMapping] AbstractHandlerMethodMapping.java:543 - Mapped "{[/features || /features.json],methods=[GET],produces=[application/vnd.spring-boot.actuator.v1+json || application/json]}" onto public java.lang.Object org.springframework.boot.actuate.endpoint.mvc.EndpointMvcAdapter.invoke()
2018-11-21 10:39:23,892 [main] INFO  [o.s.b.actuate.endpoint.mvc.EndpointHandlerMapping] AbstractHandlerMethodMapping.java:543 - Mapped "{[/dump || /dump.json],methods=[GET],produces=[application/vnd.spring-boot.actuator.v1+json || application/json]}" onto public java.lang.Object org.springframework.boot.actuate.endpoint.mvc.EndpointMvcAdapter.invoke()
2018-11-21 10:39:23,893 [main] INFO  [o.s.b.actuate.endpoint.mvc.EndpointHandlerMapping] AbstractHandlerMethodMapping.java:543 - Mapped "{[/refresh || /refresh.json],methods=[POST]}" onto public java.lang.Object org.springframework.cloud.endpoint.GenericPostableMvcEndpoint.invoke()
2018-11-21 10:39:23,894 [main] INFO  [o.s.b.actuate.endpoint.mvc.EndpointHandlerMapping] AbstractHandlerMethodMapping.java:543 - Mapped "{[/configprops || /configprops.json],methods=[GET],produces=[application/vnd.spring-boot.actuator.v1+json || application/json]}" onto public java.lang.Object org.springframework.boot.actuate.endpoint.mvc.EndpointMvcAdapter.invoke()
2018-11-21 10:39:23,897 [main] INFO  [o.s.b.actuate.endpoint.mvc.EndpointHandlerMapping] AbstractHandlerMethodMapping.java:543 - Mapped "{[/metrics/{name:.*}],methods=[GET],produces=[application/vnd.spring-boot.actuator.v1+json || application/json]}" onto public java.lang.Object org.springframework.boot.actuate.endpoint.mvc.MetricsMvcEndpoint.value(java.lang.String)
2018-11-21 10:39:23,897 [main] INFO  [o.s.b.actuate.endpoint.mvc.EndpointHandlerMapping] AbstractHandlerMethodMapping.java:543 - Mapped "{[/metrics || /metrics.json],methods=[GET],produces=[application/vnd.spring-boot.actuator.v1+json || application/json]}" onto public java.lang.Object org.springframework.boot.actuate.endpoint.mvc.EndpointMvcAdapter.invoke()
2018-11-21 10:39:23,899 [main] INFO  [o.s.b.actuate.endpoint.mvc.EndpointHandlerMapping] AbstractHandlerMethodMapping.java:543 - Mapped "{[/env/{name:.*}],methods=[GET],produces=[application/vnd.spring-boot.actuator.v1+json || application/json]}" onto public java.lang.Object org.springframework.boot.actuate.endpoint.mvc.EnvironmentMvcEndpoint.value(java.lang.String)
2018-11-21 10:39:23,899 [main] INFO  [o.s.b.actuate.endpoint.mvc.EndpointHandlerMapping] AbstractHandlerMethodMapping.java:543 - Mapped "{[/env || /env.json],methods=[GET],produces=[application/vnd.spring-boot.actuator.v1+json || application/json]}" onto public java.lang.Object org.springframework.boot.actuate.endpoint.mvc.EndpointMvcAdapter.invoke()
2018-11-21 10:39:23,901 [main] INFO  [o.s.b.actuate.endpoint.mvc.EndpointHandlerMapping] AbstractHandlerMethodMapping.java:543 - Mapped "{[/heapdump || /heapdump.json],methods=[GET],produces=[application/octet-stream]}" onto public void org.springframework.boot.actuate.endpoint.mvc.HeapdumpMvcEndpoint.invoke(boolean,javax.servlet.http.HttpServletRequest,javax.servlet.http.HttpServletResponse) throws java.io.IOException,javax.servlet.ServletException
2018-11-21 10:39:23,902 [main] INFO  [o.s.b.actuate.endpoint.mvc.EndpointHandlerMapping] AbstractHandlerMethodMapping.java:543 - Mapped "{[/auditevents || /auditevents.json],methods=[GET],produces=[application/vnd.spring-boot.actuator.v1+json || application/json]}" onto public org.springframework.http.ResponseEntity<?> org.springframework.boot.actuate.endpoint.mvc.AuditEventsMvcEndpoint.findByPrincipalAndAfterAndType(java.lang.String,java.util.Date,java.lang.String)
2018-11-21 10:39:23,903 [main] INFO  [o.s.b.actuate.endpoint.mvc.EndpointHandlerMapping] AbstractHandlerMethodMapping.java:543 - Mapped "{[/beans || /beans.json],methods=[GET],produces=[application/vnd.spring-boot.actuator.v1+json || application/json]}" onto public java.lang.Object org.springframework.boot.actuate.endpoint.mvc.EndpointMvcAdapter.invoke()
2018-11-21 10:39:23,903 [main] INFO  [o.s.b.actuate.endpoint.mvc.EndpointHandlerMapping] AbstractHandlerMethodMapping.java:543 - Mapped "{[/mappings || /mappings.json],methods=[GET],produces=[application/vnd.spring-boot.actuator.v1+json || application/json]}" onto public java.lang.Object org.springframework.boot.actuate.endpoint.mvc.EndpointMvcAdapter.invoke()
2018-11-21 10:39:23,904 [main] INFO  [o.s.b.actuate.endpoint.mvc.EndpointHandlerMapping] AbstractHandlerMethodMapping.java:543 - Mapped "{[/info || /info.json],methods=[GET],produces=[application/vnd.spring-boot.actuator.v1+json || application/json]}" onto public java.lang.Object org.springframework.boot.actuate.endpoint.mvc.EndpointMvcAdapter.invoke()
2018-11-21 10:39:23,905 [main] INFO  [o.s.b.actuate.endpoint.mvc.EndpointHandlerMapping] AbstractHandlerMethodMapping.java:543 - Mapped "{[/trace || /trace.json],methods=[GET],produces=[application/vnd.spring-boot.actuator.v1+json || application/json]}" onto public java.lang.Object org.springframework.boot.actuate.endpoint.mvc.EndpointMvcAdapter.invoke()
2018-11-21 10:39:23,906 [main] INFO  [o.s.b.actuate.endpoint.mvc.EndpointHandlerMapping] AbstractHandlerMethodMapping.java:543 - Mapped "{[/health || /health.json],methods=[GET],produces=[application/vnd.spring-boot.actuator.v1+json || application/json]}" onto public java.lang.Object org.springframework.boot.actuate.endpoint.mvc.HealthMvcEndpoint.invoke(javax.servlet.http.HttpServletRequest,java.security.Principal)
2018-11-21 10:39:23,909 [main] INFO  [o.s.b.actuate.endpoint.mvc.EndpointHandlerMapping] AbstractHandlerMethodMapping.java:543 - Mapped "{[/loggers/{name:.*}],methods=[GET],produces=[application/vnd.spring-boot.actuator.v1+json || application/json]}" onto public java.lang.Object org.springframework.boot.actuate.endpoint.mvc.LoggersMvcEndpoint.get(java.lang.String)
2018-11-21 10:39:23,909 [main] INFO  [o.s.b.actuate.endpoint.mvc.EndpointHandlerMapping] AbstractHandlerMethodMapping.java:543 - Mapped "{[/loggers/{name:.*}],methods=[POST],consumes=[application/vnd.spring-boot.actuator.v1+json || application/json],produces=[application/vnd.spring-boot.actuator.v1+json || application/json]}" onto public java.lang.Object org.springframework.boot.actuate.endpoint.mvc.LoggersMvcEndpoint.set(java.lang.String,java.util.Map<java.lang.String, java.lang.String>)
2018-11-21 10:39:23,910 [main] INFO  [o.s.b.actuate.endpoint.mvc.EndpointHandlerMapping] AbstractHandlerMethodMapping.java:543 - Mapped "{[/loggers || /loggers.json],methods=[GET],produces=[application/vnd.spring-boot.actuator.v1+json || application/json]}" onto public java.lang.Object org.springframework.boot.actuate.endpoint.mvc.EndpointMvcAdapter.invoke()
2018-11-21 10:39:23,911 [main] INFO  [o.s.b.actuate.endpoint.mvc.EndpointHandlerMapping] AbstractHandlerMethodMapping.java:543 - Mapped "{[/env],methods=[POST]}" onto public java.lang.Object org.springframework.cloud.context.environment.EnvironmentManagerMvcEndpoint.value(java.util.Map<java.lang.String, java.lang.String>)
2018-11-21 10:39:23,911 [main] INFO  [o.s.b.actuate.endpoint.mvc.EndpointHandlerMapping] AbstractHandlerMethodMapping.java:543 - Mapped "{[/env/reset],methods=[POST]}" onto public java.util.Map<java.lang.String, java.lang.Object> org.springframework.cloud.context.environment.EnvironmentManagerMvcEndpoint.reset()
2018-11-21 10:39:23,912 [main] INFO  [o.s.b.actuate.endpoint.mvc.EndpointHandlerMapping] AbstractHandlerMethodMapping.java:543 - Mapped "{[/service-registry/instance-status],methods=[GET]}" onto public org.springframework.http.ResponseEntity org.springframework.cloud.client.serviceregistry.endpoint.ServiceRegistryEndpoint.getStatus()
2018-11-21 10:39:23,912 [main] INFO  [o.s.b.actuate.endpoint.mvc.EndpointHandlerMapping] AbstractHandlerMethodMapping.java:543 - Mapped "{[/service-registry/instance-status],methods=[POST]}" onto public org.springframework.http.ResponseEntity<?> org.springframework.cloud.client.serviceregistry.endpoint.ServiceRegistryEndpoint.setStatus(java.lang.String)
2018-11-21 10:39:23,913 [main] INFO  [o.s.security.web.DefaultSecurityFilterChain] DefaultSecurityFilterChain.java:43 - Creating filter chain: org.springframework.boot.actuate.autoconfigure.ManagementWebSecurityAutoConfiguration$LazyEndpointPathRequestMatcher@481b2f10, [org.springframework.security.web.context.request.async.WebAsyncManagerIntegrationFilter@2b6c7012, org.springframework.security.web.context.SecurityContextPersistenceFilter@27f3f512, org.springframework.security.web.header.HeaderWriterFilter@6dce59e, org.springframework.web.filter.CorsFilter@31acfd4e, org.springframework.security.web.authentication.logout.LogoutFilter@68ef01a5, org.springframework.security.web.authentication.www.BasicAuthenticationFilter@5382184b, org.springframework.security.web.savedrequest.RequestCacheAwareFilter@3946075, org.springframework.security.web.servletapi.SecurityContextHolderAwareRequestFilter@1e01b133, org.springframework.security.web.authentication.AnonymousAuthenticationFilter@5f726750, org.springframework.security.web.session.SessionManagementFilter@3ad8717d, org.springframework.security.web.access.ExceptionTranslationFilter@422ab737, org.springframework.security.web.access.intercept.FilterSecurityInterceptor@7f0b93b4]
2018-11-21 10:39:23,917 [main] INFO  [o.s.security.web.DefaultSecurityFilterChain] DefaultSecurityFilterChain.java:43 - Creating filter chain: OrRequestMatcher [requestMatchers=[Ant [pattern='/**']]], [org.springframework.security.web.context.request.async.WebAsyncManagerIntegrationFilter@149c39b, org.springframework.security.web.context.SecurityContextPersistenceFilter@4fba8eec, org.springframework.security.web.header.HeaderWriterFilter@1d15c0a1, org.springframework.security.web.authentication.logout.LogoutFilter@681c0ae6, org.springframework.security.web.authentication.www.BasicAuthenticationFilter@73ca34e7, org.springframework.security.web.savedrequest.RequestCacheAwareFilter@52bd9a27, org.springframework.security.web.servletapi.SecurityContextHolderAwareRequestFilter@611e5819, org.springframework.security.web.authentication.AnonymousAuthenticationFilter@f2d890c, org.springframework.security.web.session.SessionManagementFilter@15639d09, org.springframework.security.web.access.ExceptionTranslationFilter@7634f2b, org.springframework.security.web.access.intercept.FilterSecurityInterceptor@61149fa5]
2018-11-21 10:39:24,321 [main] INFO  [o.s.ui.freemarker.SpringTemplateLoader] SpringTemplateLoader.java:61 - SpringTemplateLoader for FreeMarker: using resource loader [org.springframework.boot.context.embedded.AnnotationConfigEmbeddedWebApplicationContext@774698ab: startup date [Wed Nov 21 10:39:14 GMT+08:00 2018]; parent: org.springframework.context.annotation.AnnotationConfigApplicationContext@2bfc268b] and template loader path [classpath:/templates/]
2018-11-21 10:39:24,322 [main] INFO  [o.s.w.servlet.view.freemarker.FreeMarkerConfigurer] FreeMarkerConfigurer.java:127 - ClassTemplateLoader for Spring macros added to FreeMarker configuration
2018-11-21 10:39:24,541 [main] INFO  [o.s.cloud.netflix.eureka.InstanceInfoFactory] InstanceInfoFactory.java:71 - Setting initial instance status as: STARTING
2018-11-21 10:39:24,591 [main] INFO  [com.netflix.discovery.DiscoveryClient] DiscoveryClient.java:347 - Initializing Eureka in region us-east-1
2018-11-21 10:39:24,592 [main] INFO  [com.netflix.discovery.DiscoveryClient] DiscoveryClient.java:350 - Client configured to neither register nor query for data.
2018-11-21 10:39:24,606 [main] INFO  [com.netflix.discovery.DiscoveryClient] DiscoveryClient.java:363 - Discovery Client initialized at timestamp 1542767964606 with initial instances count: 0
2018-11-21 10:39:24,691 [main] INFO  [com.netflix.eureka.DefaultEurekaServerContext] DefaultEurekaServerContext.java:63 - Initializing ...
2018-11-21 10:39:24,695 [main] INFO  [com.netflix.eureka.cluster.PeerEurekaNodes] PeerEurekaNodes.java:188 - Adding new peer nodes [http://localhost:8761/eureka/]
2018-11-21 10:39:24,983 [main] INFO  [c.n.discovery.provider.DiscoveryJerseyProvider] DiscoveryJerseyProvider.java:70 - Using JSON encoding codec LegacyJacksonJson
2018-11-21 10:39:24,984 [main] INFO  [c.n.discovery.provider.DiscoveryJerseyProvider] DiscoveryJerseyProvider.java:71 - Using JSON decoding codec LegacyJacksonJson
2018-11-21 10:39:24,984 [main] INFO  [c.n.discovery.provider.DiscoveryJerseyProvider] DiscoveryJerseyProvider.java:80 - Using XML encoding codec XStreamXml
2018-11-21 10:39:24,985 [main] INFO  [c.n.discovery.provider.DiscoveryJerseyProvider] DiscoveryJerseyProvider.java:81 - Using XML decoding codec XStreamXml
2018-11-21 10:39:25,161 [main] INFO  [com.netflix.eureka.cluster.PeerEurekaNodes] PeerEurekaNodes.java:110 - Replica node URL:  http://localhost:8761/eureka/
2018-11-21 10:39:25,172 [main] INFO  [c.netflix.eureka.registry.AbstractInstanceRegistry] AbstractInstanceRegistry.java:152 - Finished initializing remote region registries. All known remote regions: []
2018-11-21 10:39:25,174 [main] INFO  [com.netflix.eureka.DefaultEurekaServerContext] DefaultEurekaServerContext.java:66 - Initialized
2018-11-21 10:39:25,199 [main] WARN  [o.s.c.s.e.s.EurekaServerStarterDeprecationWarningAutoConfiguration] EurekaServerStarterDeprecationWarningAutoConfiguration.java:19 - spring-cloud-starter-eureka-server is deprecated as of Spring Cloud Netflix 1.4.0, please migrate to spring-cloud-starter-netflix-eureka-server
2018-11-21 10:39:25,293 [main] INFO  [o.s.jmx.export.annotation.AnnotationMBeanExporter] MBeanExporter.java:431 - Registering beans for JMX exposure on startup
2018-11-21 10:39:25,314 [main] INFO  [o.s.jmx.export.annotation.AnnotationMBeanExporter] MBeanExporter.java:918 - Bean with name 'configurationPropertiesRebinder' has been autodetected for JMX exposure
2018-11-21 10:39:25,316 [main] INFO  [o.s.jmx.export.annotation.AnnotationMBeanExporter] MBeanExporter.java:918 - Bean with name 'refreshEndpoint' has been autodetected for JMX exposure
2018-11-21 10:39:25,318 [main] INFO  [o.s.jmx.export.annotation.AnnotationMBeanExporter] MBeanExporter.java:918 - Bean with name 'environmentManager' has been autodetected for JMX exposure
2018-11-21 10:39:25,320 [main] INFO  [o.s.jmx.export.annotation.AnnotationMBeanExporter] MBeanExporter.java:918 - Bean with name 'serviceRegistryEndpoint' has been autodetected for JMX exposure
2018-11-21 10:39:25,322 [main] INFO  [o.s.jmx.export.annotation.AnnotationMBeanExporter] MBeanExporter.java:918 - Bean with name 'refreshScope' has been autodetected for JMX exposure
2018-11-21 10:39:25,327 [main] INFO  [o.s.jmx.export.annotation.AnnotationMBeanExporter] MBeanExporter.java:679 - Located managed bean 'environmentManager': registering with JMX server as MBean [org.springframework.cloud.context.environment:name=environmentManager,type=EnvironmentManager]
2018-11-21 10:39:25,349 [main] INFO  [o.s.jmx.export.annotation.AnnotationMBeanExporter] MBeanExporter.java:679 - Located managed bean 'serviceRegistryEndpoint': registering with JMX server as MBean [org.springframework.cloud.client.serviceregistry.endpoint:name=serviceRegistryEndpoint,type=ServiceRegistryEndpoint]
2018-11-21 10:39:25,362 [main] INFO  [o.s.jmx.export.annotation.AnnotationMBeanExporter] MBeanExporter.java:679 - Located managed bean 'refreshScope': registering with JMX server as MBean [org.springframework.cloud.context.scope.refresh:name=refreshScope,type=RefreshScope]
2018-11-21 10:39:25,382 [main] INFO  [o.s.jmx.export.annotation.AnnotationMBeanExporter] MBeanExporter.java:679 - Located managed bean 'configurationPropertiesRebinder': registering with JMX server as MBean [org.springframework.cloud.context.properties:name=configurationPropertiesRebinder,context=774698ab,type=ConfigurationPropertiesRebinder]
2018-11-21 10:39:25,394 [main] INFO  [o.s.jmx.export.annotation.AnnotationMBeanExporter] MBeanExporter.java:679 - Located managed bean 'refreshEndpoint': registering with JMX server as MBean [org.springframework.cloud.endpoint:name=refreshEndpoint,type=RefreshEndpoint]
2018-11-21 10:39:25,399 [main] INFO  [o.s.b.actuate.endpoint.jmx.EndpointMBeanExporter] MBeanExporter.java:431 - Registering beans for JMX exposure on startup
2018-11-21 10:39:25,414 [main] INFO  [o.s.context.support.DefaultLifecycleProcessor] DefaultLifecycleProcessor.java:341 - Starting beans in phase 0
2018-11-21 10:39:25,425 [main] INFO  [o.s.c.n.e.serviceregistry.EurekaServiceRegistry] EurekaServiceRegistry.java:40 - Registering application eureka-server with eureka with status UP
2018-11-21 10:39:25,430 [main] INFO  [o.s.b.actuate.endpoint.jmx.EndpointMBeanExporter] MBeanExporter.java:679 - Located managed bean 'auditEventsEndpoint': registering with JMX server as MBean [org.springframework.boot:type=Endpoint,name=auditEventsEndpoint]
2018-11-21 10:39:25,439 [main] INFO  [o.s.b.actuate.endpoint.jmx.EndpointMBeanExporter] MBeanExporter.java:679 - Located managed bean 'archaiusEndpoint': registering with JMX server as MBean [org.springframework.boot:type=Endpoint,name=archaiusEndpoint]
2018-11-21 10:39:25,452 [main] INFO  [o.s.b.actuate.endpoint.jmx.EndpointMBeanExporter] MBeanExporter.java:679 - Located managed bean 'featuresEndpoint': registering with JMX server as MBean [org.springframework.boot:type=Endpoint,name=featuresEndpoint]
2018-11-21 10:39:25,457 [main] INFO  [o.s.b.actuate.endpoint.jmx.EndpointMBeanExporter] MBeanExporter.java:679 - Located managed bean 'requestMappingEndpoint': registering with JMX server as MBean [org.springframework.boot:type=Endpoint,name=requestMappingEndpoint]
2018-11-21 10:39:25,462 [main] INFO  [o.s.b.actuate.endpoint.jmx.EndpointMBeanExporter] MBeanExporter.java:679 - Located managed bean 'environmentEndpoint': registering with JMX server as MBean [org.springframework.boot:type=Endpoint,name=environmentEndpoint]
2018-11-21 10:39:25,467 [main] INFO  [o.s.b.actuate.endpoint.jmx.EndpointMBeanExporter] MBeanExporter.java:679 - Located managed bean 'healthEndpoint': registering with JMX server as MBean [org.springframework.boot:type=Endpoint,name=healthEndpoint]
2018-11-21 10:39:25,472 [main] INFO  [o.s.b.actuate.endpoint.jmx.EndpointMBeanExporter] MBeanExporter.java:679 - Located managed bean 'beansEndpoint': registering with JMX server as MBean [org.springframework.boot:type=Endpoint,name=beansEndpoint]
2018-11-21 10:39:25,476 [main] INFO  [o.s.b.actuate.endpoint.jmx.EndpointMBeanExporter] MBeanExporter.java:679 - Located managed bean 'infoEndpoint': registering with JMX server as MBean [org.springframework.boot:type=Endpoint,name=infoEndpoint]
2018-11-21 10:39:25,480 [main] INFO  [o.s.b.actuate.endpoint.jmx.EndpointMBeanExporter] MBeanExporter.java:679 - Located managed bean 'loggersEndpoint': registering with JMX server as MBean [org.springframework.boot:type=Endpoint,name=loggersEndpoint]
2018-11-21 10:39:25,490 [main] INFO  [o.s.b.actuate.endpoint.jmx.EndpointMBeanExporter] MBeanExporter.java:679 - Located managed bean 'metricsEndpoint': registering with JMX server as MBean [org.springframework.boot:type=Endpoint,name=metricsEndpoint]
2018-11-21 10:39:25,493 [main] INFO  [o.s.b.actuate.endpoint.jmx.EndpointMBeanExporter] MBeanExporter.java:679 - Located managed bean 'traceEndpoint': registering with JMX server as MBean [org.springframework.boot:type=Endpoint,name=traceEndpoint]
2018-11-21 10:39:25,498 [main] INFO  [o.s.b.actuate.endpoint.jmx.EndpointMBeanExporter] MBeanExporter.java:679 - Located managed bean 'dumpEndpoint': registering with JMX server as MBean [org.springframework.boot:type=Endpoint,name=dumpEndpoint]
2018-11-21 10:39:25,502 [main] INFO  [o.s.b.actuate.endpoint.jmx.EndpointMBeanExporter] MBeanExporter.java:679 - Located managed bean 'autoConfigurationReportEndpoint': registering with JMX server as MBean [org.springframework.boot:type=Endpoint,name=autoConfigurationReportEndpoint]
2018-11-21 10:39:25,506 [main] INFO  [o.s.b.actuate.endpoint.jmx.EndpointMBeanExporter] MBeanExporter.java:679 - Located managed bean 'configurationPropertiesReportEndpoint': registering with JMX server as MBean [org.springframework.boot:type=Endpoint,name=configurationPropertiesReportEndpoint]
2018-11-21 10:39:25,510 [Thread-11] INFO  [o.s.c.netflix.eureka.server.EurekaServerBootstrap] EurekaServerBootstrap.java:109 - Setting the eureka configuration..
2018-11-21 10:39:25,511 [Thread-11] INFO  [o.s.c.netflix.eureka.server.EurekaServerBootstrap] EurekaServerBootstrap.java:114 - Eureka data center value eureka.datacenter is not set, defaulting to default
2018-11-21 10:39:25,512 [Thread-11] INFO  [o.s.c.netflix.eureka.server.EurekaServerBootstrap] EurekaServerBootstrap.java:128 - Eureka environment value eureka.environment is not set, defaulting to test
2018-11-21 10:39:25,533 [Thread-11] INFO  [o.s.c.netflix.eureka.server.EurekaServerBootstrap] EurekaServerBootstrap.java:184 - isAws returned false
2018-11-21 10:39:25,534 [Thread-11] INFO  [o.s.c.netflix.eureka.server.EurekaServerBootstrap] EurekaServerBootstrap.java:152 - Initialized server context
2018-11-21 10:39:25,535 [Thread-11] INFO  [c.n.eureka.registry.PeerAwareInstanceRegistryImpl] PeerAwareInstanceRegistryImpl.java:242 - Got 1 instances from neighboring DS node
2018-11-21 10:39:25,535 [Thread-11] INFO  [c.n.eureka.registry.PeerAwareInstanceRegistryImpl] PeerAwareInstanceRegistryImpl.java:243 - Renew threshold is: 1
2018-11-21 10:39:25,535 [Thread-11] INFO  [c.n.eureka.registry.PeerAwareInstanceRegistryImpl] PeerAwareInstanceRegistryImpl.java:254 - Changing status to UP
2018-11-21 10:39:25,541 [main] INFO  [org.apache.coyote.http11.Http11NioProtocol] DirectJDKLog.java:180 - Starting ProtocolHandler ["http-nio-2001"]
2018-11-21 10:39:25,548 [Thread-11] INFO  [o.s.c.n.e.s.EurekaServerInitializerConfiguration] EurekaServerInitializerConfiguration.java:72 - Started Eureka Server
2018-11-21 10:39:25,565 [main] INFO  [org.apache.tomcat.util.net.NioSelectorPool] DirectJDKLog.java:180 - Using a shared selector for servlet write/read
2018-11-21 10:39:25,589 [main] INFO  [o.s.b.c.e.tomcat.TomcatEmbeddedServletContainer] TomcatEmbeddedServletContainer.java:216 - Tomcat started on port(s): 2001 (http)
2018-11-21 10:39:25,591 [main] INFO  [o.s.c.n.e.s.EurekaAutoServiceRegistration] EurekaAutoServiceRegistration.java:124 - Updating port to 2001
2018-11-21 10:39:25,597 [main] INFO  [com.lion.eureka.EurekaApplication] StartupInfoLogger.java:57 - Started EurekaApplication in 15.151 seconds (JVM running for 15.919)
2018-11-21 10:39:30,538 [Eureka-EvictionTimer] INFO  [c.netflix.eureka.registry.AbstractInstanceRegistry] AbstractInstanceRegistry.java:1255 - Running the evict task with compensationTime 0ms
2018-11-21 10:39:35,538 [Eureka-EvictionTimer] INFO  [c.netflix.eureka.registry.AbstractInstanceRegistry] AbstractInstanceRegistry.java:1255 - Running the evict task with compensationTime 0ms
2018-11-21 10:39:40,538 [Eureka-EvictionTimer] INFO  [c.netflix.eureka.registry.AbstractInstanceRegistry] AbstractInstanceRegistry.java:1255 - Running the evict task with compensationTime 0ms
2018-11-21 10:39:45,539 [Eureka-EvictionTimer] INFO  [c.netflix.eureka.registry.AbstractInstanceRegistry] AbstractInstanceRegistry.java:1255 - Running the evict task with compensationTime 0ms
2018-11-21 10:39:50,539 [Eureka-EvictionTimer] INFO  [c.netflix.eureka.registry.AbstractInstanceRegistry] AbstractInstanceRegistry.java:1255 - Running the evict task with compensationTime 0ms
2018-11-21 10:39:55,539 [Eureka-EvictionTimer] INFO  [c.netflix.eureka.registry.AbstractInstanceRegistry] AbstractInstanceRegistry.java:1255 - Running the evict task with compensationTime 0ms
2018-11-21 10:40:00,539 [Eureka-EvictionTimer] INFO  [c.netflix.eureka.registry.AbstractInstanceRegistry] AbstractInstanceRegistry.java:1255 - Running the evict task with compensationTime 0ms
2018-11-21 10:40:05,540 [Eureka-EvictionTimer] INFO  [c.netflix.eureka.registry.AbstractInstanceRegistry] AbstractInstanceRegistry.java:1255 - Running the evict task with compensationTime 0ms
2018-11-21 10:40:10,540 [Eureka-EvictionTimer] INFO  [c.netflix.eureka.registry.AbstractInstanceRegistry] AbstractInstanceRegistry.java:1255 - Running the evict task with compensationTime 0ms
2018-11-21 10:40:15,540 [Eureka-EvictionTimer] INFO  [c.netflix.eureka.registry.AbstractInstanceRegistry] AbstractInstanceRegistry.java:1255 - Running the evict task with compensationTime 0ms
2018-11-21 10:40:20,541 [Eureka-EvictionTimer] INFO  [c.netflix.eureka.registry.AbstractInstanceRegistry] AbstractInstanceRegistry.java:1255 - Running the evict task with compensationTime 0ms
2018-11-21 10:40:25,541 [Eureka-EvictionTimer] INFO  [c.netflix.eureka.registry.AbstractInstanceRegistry] AbstractInstanceRegistry.java:1255 - Running the evict task with compensationTime 0ms
2018-11-21 10:40:30,541 [Eureka-EvictionTimer] INFO  [c.netflix.eureka.registry.AbstractInstanceRegistry] AbstractInstanceRegistry.java:1255 - Running the evict task with compensationTime 0ms
2018-11-21 15:28:53,484 [main] INFO  [o.s.c.a.AnnotationConfigApplicationContext] AbstractApplicationContext.java:583 - Refreshing org.springframework.context.annotation.AnnotationConfigApplicationContext@2bfc268b: startup date [Wed Nov 21 15:28:53 GMT+08:00 2018]; root of context hierarchy
2018-11-21 15:28:53,853 [main] INFO  [o.s.b.f.a.AutowiredAnnotationBeanPostProcessor] AutowiredAnnotationBeanPostProcessor.java:155 - JSR-330 'javax.inject.Inject' annotation found and supported for autowiring
2018-11-21 15:28:53,915 [main] INFO  [o.s.c.s.PostProcessorRegistrationDelegate$BeanPostProcessorChecker] PostProcessorRegistrationDelegate.java:327 - Bean 'configurationPropertiesRebinderAutoConfiguration' of type [org.springframework.cloud.autoconfigure.ConfigurationPropertiesRebinderAutoConfiguration$$EnhancerBySpringCGLIB$$9657ebad] is not eligible for getting processed by all BeanPostProcessors (for example: not eligible for auto-proxying)
2018-11-21 15:28:53,979 [background-preinit] INFO  [org.hibernate.validator.internal.util.Version] Version.java:30 - HV000001: Hibernate Validator 5.3.6.Final
2018-11-21 15:28:55,403 [main] INFO  [com.lion.eureka.EurekaApplication] SpringApplication.java:593 - No active profile set, falling back to default profiles: default
2018-11-21 15:28:55,473 [main] INFO  [o.s.b.c.e.AnnotationConfigEmbeddedWebApplicationContext] AbstractApplicationContext.java:583 - Refreshing org.springframework.boot.context.embedded.AnnotationConfigEmbeddedWebApplicationContext@a4ca3f6: startup date [Wed Nov 21 15:28:55 GMT+08:00 2018]; parent: org.springframework.context.annotation.AnnotationConfigApplicationContext@2bfc268b
2018-11-21 15:28:57,155 [main] INFO  [o.springframework.cloud.context.scope.GenericScope] GenericScope.java:289 - BeanFactory id=c0d2a7b4-526b-3aab-a719-d5861a951e26
2018-11-21 15:28:57,185 [main] INFO  [o.s.b.f.a.AutowiredAnnotationBeanPostProcessor] AutowiredAnnotationBeanPostProcessor.java:155 - JSR-330 'javax.inject.Inject' annotation found and supported for autowiring
2018-11-21 15:28:57,283 [main] INFO  [o.s.c.s.PostProcessorRegistrationDelegate$BeanPostProcessorChecker] PostProcessorRegistrationDelegate.java:327 - Bean 'org.springframework.cloud.autoconfigure.ConfigurationPropertiesRebinderAutoConfiguration' of type [org.springframework.cloud.autoconfigure.ConfigurationPropertiesRebinderAutoConfiguration$$EnhancerBySpringCGLIB$$9657ebad] is not eligible for getting processed by all BeanPostProcessors (for example: not eligible for auto-proxying)
2018-11-21 15:28:58,550 [main] INFO  [o.s.b.c.e.tomcat.TomcatEmbeddedServletContainer] TomcatEmbeddedServletContainer.java:92 - Tomcat initialized with port(s): 2001 (http)
2018-11-21 15:28:58,571 [main] INFO  [org.apache.coyote.http11.Http11NioProtocol] DirectJDKLog.java:180 - Initializing ProtocolHandler ["http-nio-2001"]
2018-11-21 15:28:58,590 [main] INFO  [org.apache.catalina.core.StandardService] DirectJDKLog.java:180 - Starting service [Tomcat]
2018-11-21 15:28:58,591 [main] INFO  [org.apache.catalina.core.StandardEngine] DirectJDKLog.java:180 - Starting Servlet Engine: Apache Tomcat/8.5.32
2018-11-21 15:28:58,861 [localhost-startStop-1] INFO  [o.a.c.core.ContainerBase.[Tomcat].[localhost].[/]] DirectJDKLog.java:180 - Initializing Spring embedded WebApplicationContext
2018-11-21 15:28:58,862 [localhost-startStop-1] INFO  [org.springframework.web.context.ContextLoader] EmbeddedWebApplicationContext.java:276 - Root WebApplicationContext: initialization completed in 3389 ms
2018-11-21 15:29:00,173 [localhost-startStop-1] INFO  [o.s.boot.web.servlet.FilterRegistrationBean] AbstractFilterRegistrationBean.java:259 - Mapping filter: 'metricsFilter' to: [/*]
2018-11-21 15:29:00,174 [localhost-startStop-1] INFO  [o.s.boot.web.servlet.FilterRegistrationBean] AbstractFilterRegistrationBean.java:259 - Mapping filter: 'characterEncodingFilter' to: [/*]
2018-11-21 15:29:00,174 [localhost-startStop-1] INFO  [o.s.boot.web.servlet.FilterRegistrationBean] AbstractFilterRegistrationBean.java:259 - Mapping filter: 'hiddenHttpMethodFilter' to: [/*]
2018-11-21 15:29:00,174 [localhost-startStop-1] INFO  [o.s.boot.web.servlet.FilterRegistrationBean] AbstractFilterRegistrationBean.java:259 - Mapping filter: 'httpPutFormContentFilter' to: [/*]
2018-11-21 15:29:00,175 [localhost-startStop-1] INFO  [o.s.boot.web.servlet.FilterRegistrationBean] AbstractFilterRegistrationBean.java:259 - Mapping filter: 'requestContextFilter' to: [/*]
2018-11-21 15:29:00,177 [localhost-startStop-1] INFO  [o.s.b.w.s.DelegatingFilterProxyRegistrationBean] AbstractFilterRegistrationBean.java:259 - Mapping filter: 'springSecurityFilterChain' to: [/*]
2018-11-21 15:29:00,178 [localhost-startStop-1] INFO  [o.s.boot.web.servlet.FilterRegistrationBean] AbstractFilterRegistrationBean.java:259 - Mapping filter: 'webRequestTraceFilter' to: [/*]
2018-11-21 15:29:00,179 [localhost-startStop-1] INFO  [o.s.boot.web.servlet.FilterRegistrationBean] AbstractFilterRegistrationBean.java:272 - Mapping filter: 'servletContainer' to urls: [/eureka/*]
2018-11-21 15:29:00,179 [localhost-startStop-1] INFO  [o.s.boot.web.servlet.FilterRegistrationBean] AbstractFilterRegistrationBean.java:259 - Mapping filter: 'applicationContextIdFilter' to: [/*]
2018-11-21 15:29:00,179 [localhost-startStop-1] INFO  [o.s.boot.web.servlet.ServletRegistrationBean] ServletRegistrationBean.java:191 - Mapping servlet: 'dispatcherServlet' to [/]
2018-11-21 15:29:00,400 [localhost-startStop-1] INFO  [c.s.j.server.impl.application.WebApplicationImpl] WebApplicationImpl.java:815 - Initiating Jersey application, version 'Jersey: 1.19.1 03/11/2016 02:08 PM'
2018-11-21 15:29:00,524 [localhost-startStop-1] INFO  [c.n.discovery.provider.DiscoveryJerseyProvider] DiscoveryJerseyProvider.java:70 - Using JSON encoding codec LegacyJacksonJson
2018-11-21 15:29:00,524 [localhost-startStop-1] INFO  [c.n.discovery.provider.DiscoveryJerseyProvider] DiscoveryJerseyProvider.java:71 - Using JSON decoding codec LegacyJacksonJson
2018-11-21 15:29:00,830 [localhost-startStop-1] INFO  [c.n.discovery.provider.DiscoveryJerseyProvider] DiscoveryJerseyProvider.java:80 - Using XML encoding codec XStreamXml
2018-11-21 15:29:00,830 [localhost-startStop-1] INFO  [c.n.discovery.provider.DiscoveryJerseyProvider] DiscoveryJerseyProvider.java:81 - Using XML decoding codec XStreamXml
2018-11-21 15:29:01,884 [main] WARN  [com.netflix.config.sources.URLConfigurationSource] URLConfigurationSource.java:121 - No URLs will be polled as dynamic configuration sources.
2018-11-21 15:29:01,884 [main] INFO  [com.netflix.config.sources.URLConfigurationSource] URLConfigurationSource.java:122 - To enable URLs as dynamic configuration sources, define System property archaius.configurationSource.additionalUrls or make config.properties available on classpath.
2018-11-21 15:29:01,894 [main] WARN  [com.netflix.config.sources.URLConfigurationSource] URLConfigurationSource.java:121 - No URLs will be polled as dynamic configuration sources.
2018-11-21 15:29:01,894 [main] INFO  [com.netflix.config.sources.URLConfigurationSource] URLConfigurationSource.java:122 - To enable URLs as dynamic configuration sources, define System property archaius.configurationSource.additionalUrls or make config.properties available on classpath.
2018-11-21 15:29:02,435 [main] INFO  [o.s.w.s.m.m.a.RequestMappingHandlerAdapter] RequestMappingHandlerAdapter.java:534 - Looking for @ControllerAdvice: org.springframework.boot.context.embedded.AnnotationConfigEmbeddedWebApplicationContext@a4ca3f6: startup date [Wed Nov 21 15:28:55 GMT+08:00 2018]; parent: org.springframework.context.annotation.AnnotationConfigApplicationContext@2bfc268b
2018-11-21 15:29:02,610 [main] INFO  [o.s.w.s.m.m.a.RequestMappingHandlerMapping] AbstractHandlerMethodMapping.java:543 - Mapped "{[/error]}" onto public org.springframework.http.ResponseEntity<java.util.Map<java.lang.String, java.lang.Object>> org.springframework.boot.autoconfigure.web.BasicErrorController.error(javax.servlet.http.HttpServletRequest)
2018-11-21 15:29:02,612 [main] INFO  [o.s.w.s.m.m.a.RequestMappingHandlerMapping] AbstractHandlerMethodMapping.java:543 - Mapped "{[/error],produces=[text/html]}" onto public org.springframework.web.servlet.ModelAndView org.springframework.boot.autoconfigure.web.BasicErrorController.errorHtml(javax.servlet.http.HttpServletRequest,javax.servlet.http.HttpServletResponse)
2018-11-21 15:29:02,622 [main] INFO  [o.s.w.s.m.m.a.RequestMappingHandlerMapping] AbstractHandlerMethodMapping.java:543 - Mapped "{[/],methods=[GET]}" onto public java.lang.String org.springframework.cloud.netflix.eureka.server.EurekaController.status(javax.servlet.http.HttpServletRequest,java.util.Map<java.lang.String, java.lang.Object>)
2018-11-21 15:29:02,623 [main] INFO  [o.s.w.s.m.m.a.RequestMappingHandlerMapping] AbstractHandlerMethodMapping.java:543 - Mapped "{[/lastn],methods=[GET]}" onto public java.lang.String org.springframework.cloud.netflix.eureka.server.EurekaController.lastn(javax.servlet.http.HttpServletRequest,java.util.Map<java.lang.String, java.lang.Object>)
2018-11-21 15:29:02,679 [main] INFO  [o.s.web.servlet.handler.SimpleUrlHandlerMapping] AbstractUrlHandlerMapping.java:362 - Mapped URL path [/webjars/**] onto handler of type [class org.springframework.web.servlet.resource.ResourceHttpRequestHandler]
2018-11-21 15:29:02,679 [main] INFO  [o.s.web.servlet.handler.SimpleUrlHandlerMapping] AbstractUrlHandlerMapping.java:362 - Mapped URL path [/**] onto handler of type [class org.springframework.web.servlet.resource.ResourceHttpRequestHandler]
2018-11-21 15:29:02,749 [main] INFO  [o.s.web.servlet.handler.SimpleUrlHandlerMapping] AbstractUrlHandlerMapping.java:362 - Mapped URL path [/**/favicon.ico] onto handler of type [class org.springframework.web.servlet.resource.ResourceHttpRequestHandler]
2018-11-21 15:29:05,822 [main] INFO  [o.s.security.web.DefaultSecurityFilterChain] DefaultSecurityFilterChain.java:43 - Creating filter chain: OrRequestMatcher [requestMatchers=[Ant [pattern='/css/**'], Ant [pattern='/js/**'], Ant [pattern='/images/**'], Ant [pattern='/webjars/**'], Ant [pattern='/**/favicon.ico'], Ant [pattern='/error']]], []
